<?xml version="1.0" encoding="UTF-8"?>
<testsuite xmlns:xsi="http://www.w3.org/2001/XMLSchema-instance" xsi:noNamespaceSchemaLocation="https://maven.apache.org/surefire/maven-surefire-plugin/xsd/surefire-test-report.xsd" name="Dto.MarcaDto_Test" time="0.173" tests="1" errors="0" skipped="0" failures="0">
  <properties>
    <property name="java.specification.version" value="18"/>
    <property name="sun.jnu.encoding" value="UTF-8"/>
    <property name="java.class.path" value="/Users/rickypazd/Documents/GitHub/dmsnur-aeronave/aeronave/Application/target/test-classes:/Users/rickypazd/Documents/GitHub/dmsnur-aeronave/aeronave/Application/target/classes:/Users/rickypazd/Documents/GitHub/dmsnur-aeronave/aeronave/Domain/target/Domain-1.0.jar:/Users/rickypazd/Documents/GitHub/dmsnur-aeronave/aeronave/SharedKernel/target/SharedKernel-1.0.jar:/Users/rickypazd/Documents/GitHub/dmsnur-aeronave/aeronave/fourteam/target/fourteam-1.0.jar:/Users/rickypazd/.m2/repository/com/google/code/gson/gson/2.9.0/gson-2.9.0.jar:/Users/rickypazd/Documents/GitHub/dmsnur-aeronave/aeronave/fourteam/lib/httpserver-1.0.8.Final.jar:/Users/rickypazd/.m2/repository/org/json/json/20210307/json-20210307.jar:/Users/rickypazd/.m2/repository/org/yaml/snakeyaml/1.30/snakeyaml-1.30.jar:/Users/rickypazd/.m2/repository/junit/junit/4.13.2/junit-4.13.2.jar:/Users/rickypazd/.m2/repository/org/hamcrest/hamcrest-core/1.3/hamcrest-core-1.3.jar:/Users/rickypazd/.m2/repository/org/mockito/mockito-core/2.21.0/mockito-core-2.21.0.jar:/Users/rickypazd/.m2/repository/net/bytebuddy/byte-buddy/1.8.15/byte-buddy-1.8.15.jar:/Users/rickypazd/.m2/repository/net/bytebuddy/byte-buddy-agent/1.8.15/byte-buddy-agent-1.8.15.jar:/Users/rickypazd/.m2/repository/org/objenesis/objenesis/2.6/objenesis-2.6.jar:"/>
    <property name="java.vm.vendor" value="Homebrew"/>
    <property name="sun.arch.data.model" value="64"/>
    <property name="java.vendor.url" value="https://github.com/Homebrew/homebrew-core/issues"/>
    <property name="os.name" value="Mac OS X"/>
    <property name="java.vm.specification.version" value="18"/>
    <property name="sun.java.launcher" value="SUN_STANDARD"/>
    <property name="user.country" value="BO"/>
    <property name="sun.boot.library.path" value="/usr/local/Cellar/openjdk/18.0.1/libexec/openjdk.jdk/Contents/Home/lib"/>
    <property name="sun.java.command" value="/Users/rickypazd/Documents/GitHub/dmsnur-aeronave/aeronave/Application/target/surefire/surefirebooter17722265268337600538.jar /Users/rickypazd/Documents/GitHub/dmsnur-aeronave/aeronave/Application/target/surefire 2022-06-02T01-54-07_698-jvmRun1 surefire1861698983582952237tmp surefire_011903669866248453169tmp"/>
    <property name="http.nonProxyHosts" value="local|*.local|169.254/16|*.169.254/16"/>
    <property name="jdk.debug" value="release"/>
    <property name="surefire.test.class.path" value="/Users/rickypazd/Documents/GitHub/dmsnur-aeronave/aeronave/Application/target/test-classes:/Users/rickypazd/Documents/GitHub/dmsnur-aeronave/aeronave/Application/target/classes:/Users/rickypazd/Documents/GitHub/dmsnur-aeronave/aeronave/Domain/target/Domain-1.0.jar:/Users/rickypazd/Documents/GitHub/dmsnur-aeronave/aeronave/SharedKernel/target/SharedKernel-1.0.jar:/Users/rickypazd/Documents/GitHub/dmsnur-aeronave/aeronave/fourteam/target/fourteam-1.0.jar:/Users/rickypazd/.m2/repository/com/google/code/gson/gson/2.9.0/gson-2.9.0.jar:/Users/rickypazd/Documents/GitHub/dmsnur-aeronave/aeronave/fourteam/lib/httpserver-1.0.8.Final.jar:/Users/rickypazd/.m2/repository/org/json/json/20210307/json-20210307.jar:/Users/rickypazd/.m2/repository/org/yaml/snakeyaml/1.30/snakeyaml-1.30.jar:/Users/rickypazd/.m2/repository/junit/junit/4.13.2/junit-4.13.2.jar:/Users/rickypazd/.m2/repository/org/hamcrest/hamcrest-core/1.3/hamcrest-core-1.3.jar:/Users/rickypazd/.m2/repository/org/mockito/mockito-core/2.21.0/mockito-core-2.21.0.jar:/Users/rickypazd/.m2/repository/net/bytebuddy/byte-buddy/1.8.15/byte-buddy-1.8.15.jar:/Users/rickypazd/.m2/repository/net/bytebuddy/byte-buddy-agent/1.8.15/byte-buddy-agent-1.8.15.jar:/Users/rickypazd/.m2/repository/org/objenesis/objenesis/2.6/objenesis-2.6.jar:"/>
    <property name="sun.cpu.endian" value="little"/>
    <property name="user.home" value="/Users/rickypazd"/>
    <property name="user.language" value="en"/>
    <property name="java.specification.vendor" value="Oracle Corporation"/>
    <property name="java.version.date" value="2022-04-19"/>
    <property name="java.home" value="/usr/local/Cellar/openjdk/18.0.1/libexec/openjdk.jdk/Contents/Home"/>
    <property name="file.separator" value="/"/>
    <property name="basedir" value="/Users/rickypazd/Documents/GitHub/dmsnur-aeronave/aeronave/Application"/>
    <property name="java.vm.compressedOopsMode" value="Zero based"/>
    <property name="line.separator" value="&#10;"/>
    <property name="java.vm.specification.vendor" value="Oracle Corporation"/>
    <property name="java.specification.name" value="Java Platform API Specification"/>
    <property name="apple.awt.application.name" value="ForkedBooter"/>
    <property name="surefire.real.class.path" value="/Users/rickypazd/Documents/GitHub/dmsnur-aeronave/aeronave/Application/target/surefire/surefirebooter17722265268337600538.jar"/>
    <property name="sun.management.compiler" value="HotSpot 64-Bit Tiered Compilers"/>
    <property name="ftp.nonProxyHosts" value="local|*.local|169.254/16|*.169.254/16"/>
    <property name="java.runtime.version" value="18.0.1+0"/>
    <property name="user.name" value="rickypazd"/>
    <property name="path.separator" value=":"/>
    <property name="os.version" value="11.6.1"/>
    <property name="java.runtime.name" value="OpenJDK Runtime Environment"/>
    <property name="file.encoding" value="UTF-8"/>
    <property name="java.vm.name" value="OpenJDK 64-Bit Server VM"/>
    <property name="java.vendor.version" value="Homebrew"/>
    <property name="localRepository" value="/Users/rickypazd/.m2/repository"/>
    <property name="java.vendor.url.bug" value="https://github.com/Homebrew/homebrew-core/issues"/>
    <property name="java.io.tmpdir" value="/var/folders/cr/_bdxpdbj02n52vglnw09t0hh0000gn/T/"/>
    <property name="java.version" value="18.0.1"/>
    <property name="user.dir" value="/Users/rickypazd/Documents/GitHub/dmsnur-aeronave/aeronave/Application"/>
    <property name="os.arch" value="x86_64"/>
    <property name="java.vm.specification.name" value="Java Virtual Machine Specification"/>
    <property name="native.encoding" value="UTF-8"/>
    <property name="java.library.path" value="/Users/rickypazd/Library/Java/Extensions:/Library/Java/Extensions:/Network/Library/Java/Extensions:/System/Library/Java/Extensions:/usr/lib/java:."/>
    <property name="java.vm.info" value="mixed mode, sharing"/>
    <property name="java.vendor" value="Homebrew"/>
    <property name="java.vm.version" value="18.0.1+0"/>
    <property name="sun.io.unicode.encoding" value="UnicodeBig"/>
    <property name="socksNonProxyHosts" value="local|*.local|169.254/16|*.169.254/16"/>
    <property name="java.class.version" value="62.0"/>
  </properties>
  <testcase name="CheckPropertiesValid" classname="Dto.MarcaDto_Test" time="0.032"/>
</testsuite>